<?xml version="1.0" encoding="UTF-8"?>
<!-- Generated by org.testng.reporters.JUnitReportReporter -->
<testsuite hostname="DESKTOP-PM8A71U" failures="0" tests="1" name="restfulapi.Posttests" time="5.601" errors="0" timestamp="2024-11-23T14:27:01 IST" skipped="0">
  <testcase classname="restfulapi.Posttests" name="addobject" time="5.601"/>
</testsuite> <!-- restfulapi.Posttests -->
