<?xml version="1.0" encoding="UTF-8"?>
<!-- Generated by org.testng.reporters.JUnitReportReporter -->
<testsuite hostname="DESKTOP-PM8A71U" failures="0" tests="1" name="restfulapi.GetAPITest" time="3.572" errors="0" timestamp="2024-11-23T16:21:30 IST" skipped="0">
  <testcase classname="restfulapi.GetAPITest" name="getListofall_Negative" time="3.572"/>
</testsuite> <!-- restfulapi.GetAPITest -->
