<?xml version="1.0" encoding="UTF-8"?>
<!-- Generated by org.testng.reporters.JUnitReportReporter -->
<testsuite hostname="DESKTOP-PM8A71U" failures="0" tests="1" name="restfulapi.NegativeTests" time="4.235" errors="0" timestamp="2024-11-23T14:36:34 IST" skipped="0">
  <testcase classname="restfulapi.NegativeTests" name="updateUser_NotAddingName" time="4.235"/>
</testsuite> <!-- restfulapi.NegativeTests -->
