<?xml version="1.0" encoding="UTF-8"?>
<!-- Generated by org.testng.reporters.JUnitReportReporter -->
<testsuite hostname="DESKTOP-PM8A71U" failures="0" tests="1" name="ReqRes.GetAPI" time="5.667" errors="0" timestamp="2024-11-22T09:28:24 IST" skipped="0">
  <testcase classname="ReqRes.GetAPI" name="getbyID" time="5.667"/>
</testsuite> <!-- ReqRes.GetAPI -->
