<?xml version="1.0" encoding="UTF-8"?>
<!-- Generated by org.testng.reporters.JUnitReportReporter -->
<testsuite hostname="DESKTOP-PM8A71U" failures="0" tests="1" name="restfulapi.GetAPI" time="1.760" errors="0" timestamp="2024-11-23T15:39:25 IST" skipped="0">
  <testcase classname="restfulapi.GetAPI" name="getcreateduser" time="1.760"/>
</testsuite> <!-- restfulapi.GetAPI -->
