<?xml version="1.0" encoding="UTF-8"?>
<!-- Generated by org.testng.reporters.JUnitReportReporter -->
<testsuite hostname="DESKTOP-PM8A71U" failures="0" tests="10" name="restfulapi.NegativeTests" time="5.316" errors="0" timestamp="2024-11-23T16:22:16 IST" skipped="0">
  <testcase classname="restfulapi.NegativeTests" name="createinvaliduserWithoutName" time="0.422"/>
  <testcase classname="restfulapi.NegativeTests" name="createinvaliduser_NegativePrice" time="0.317"/>
  <testcase classname="restfulapi.NegativeTests" name="createinvaliduser5" time="0.330"/>
  <testcase classname="restfulapi.NegativeTests" name="createinvaliduserwithSpecialChar" time="0.422"/>
  <testcase classname="restfulapi.NegativeTests" name="createinvaliduserwithEmptyDatafield" time="0.609"/>
  <testcase classname="restfulapi.NegativeTests" name="createinvaliduser" time="1.321"/>
  <testcase classname="restfulapi.NegativeTests" name="updateUser_NegativePriceValue" time="0.673"/>
  <testcase classname="restfulapi.NegativeTests" name="updateUser_NotAddingName" time="0.289"/>
  <testcase classname="restfulapi.NegativeTests" name="updateUser_highPriceValue" time="0.384"/>
  <testcase classname="restfulapi.NegativeTests" name="createinvaliduser_ZeroPriceValue" time="0.549"/>
</testsuite> <!-- restfulapi.NegativeTests -->
