<?xml version="1.0" encoding="UTF-8"?>
<!-- Generated by org.testng.reporters.JUnitReportReporter -->
<testsuite hostname="DESKTOP-PM8A71U" failures="0" tests="5" name="restfulapi.PostTests" time="2.241" errors="0" timestamp="2024-11-23T16:22:16 IST" skipped="0">
  <testcase classname="restfulapi.PostTests" name="addobject" time="0.606"/>
  <testcase classname="restfulapi.PostTests" name="updateobjecttest" time="0.459"/>
  <testcase classname="restfulapi.PostTests" name="patchuser" time="0.263"/>
  <testcase classname="restfulapi.PostTests" name="getcreateduser" time="0.451"/>
  <testcase classname="restfulapi.PostTests" name="deleteuser" time="0.462"/>
</testsuite> <!-- restfulapi.PostTests -->
