<?xml version="1.0" encoding="UTF-8"?>
<!-- Generated by org.testng.reporters.JUnitReportReporter -->
<testsuite hostname="DESKTOP-PM8A71U" failures="0" tests="4" name="restfulapi.GetAPITest" time="5.275" errors="0" timestamp="2024-11-23T16:22:16 IST" skipped="0">
  <testcase classname="restfulapi.GetAPITest" name="getListofall_Negative" time="0.234"/>
  <testcase classname="restfulapi.GetAPITest" name="getbyID" time="0.381"/>
  <testcase classname="restfulapi.GetAPITest" name="getListofall" time="4.336"/>
  <testcase classname="restfulapi.GetAPITest" name="getcreateduser" time="0.324"/>
</testsuite> <!-- restfulapi.GetAPITest -->
